All columns in dataset
lastSensorEventHours
lastSensorEventSeconds
lastSensorDayOfWeek
windowDuration
timeSinceLastSensorEvent
prevDominantSensor1
prevDominantSensor2
lastSensorID
lastSensorLocation
lastMotionLocation
complexity
activityChange
areaTransitions
sensorCount-Bathroom
sensorCount-Bedroom
sensorCount-Chair
sensorCount-DiningRoom
sensorCount-Hall
sensorCount-Ignore
sensorCount-Kitchen
sensorCount-LivingRoom
sensorCount-Office
sensorCount-OutsideDoor
sensorCount-WorkArea
sensorElTime-Bathroom
sensorElTime-Bedroom
sensorElTime-Chair
sensorElTime-DiningRoom
sensorElTime-Hall
sensorElTime-Ignore
sensorElTime-Kitchen
sensorElTime-LivingRoom
sensorElTime-Office
sensorElTime-OutsideDoor
sensorElTime-WorkArea
activity

All activities recorded
Step_Out
Other_Activity
Toilet
Phone
Personal_Hygiene
Leave_Home
Enter_Home
Relax
Sleep_Out_Of_Bed
Drink
Watch_TV
Dress
Evening_Meds
Wake_Up
Read
Morning_Meds
Cook_Breakfast
Eat_Breakfast
Bathe
Cook_Lunch
Eat_Lunch
Wash_Lunch_Dishes
Go_To_Sleep
Sleep
Bed_Toilet_Transition
Wash_Breakfast_Dishes
Work_At_Table
Groom
Cook
Eat
Cook_Dinner
Eat_Dinner
Wash_Dinner_Dishes
Wash_Dishes
Entertain_Guests
Take_Medicine
Work
Exercise
Work_On_Computer
Nap
Work_At_Desk
Laundry
r1.Sleep
r1.Cook_Breakfast
r2.Personal_Hygiene
r2.Eat_Breakfast
r2.Dress

All activities recorded

Average complexity (complexity or measure or entropy in sensor counts)
0.9811560566447426

Average number of seconds since the bedroom sensor was last seen
3057.001552154561
